0 info it worked if it ends with ok
1 verbose cli [ '/usr/local/bin/node',
1 verbose cli   '/usr/local/bin/npm',
1 verbose cli   'run',
1 verbose cli   'webpack-server' ]
2 info using npm@3.7.3
3 info using node@v4.3.1
4 verbose run-script [ 'prewebpack-server', 'webpack-server', 'postwebpack-server' ]
5 info lifecycle Finances@0.0.0~prewebpack-server: Finances@0.0.0
6 silly lifecycle Finances@0.0.0~prewebpack-server: no script for prewebpack-server, continuing
7 info lifecycle Finances@0.0.0~webpack-server: Finances@0.0.0
8 verbose lifecycle Finances@0.0.0~webpack-server: unsafe-perm in lifecycle true
9 verbose lifecycle Finances@0.0.0~webpack-server: PATH: /usr/local/lib/node_modules/npm/bin/node-gyp-bin:/Users/richi1717/finance-app/node_modules/.bin:/usr/local/bin:/usr/local/lib/node_modules/npm/bin/node-gyp-bin:/Users/richi1717/finance-app/node_modules/.bin:/usr/local/bin:/usr/local/bin:/usr/bin:/bin:/usr/sbin:/sbin
10 verbose lifecycle Finances@0.0.0~webpack-server: CWD: /Users/richi1717/finance-app
11 silly lifecycle Finances@0.0.0~webpack-server: Args: [ '-c', 'webpack-dev-server --hot --progress --colors' ]
12 silly lifecycle Finances@0.0.0~webpack-server: Returned: code: 1  signal: null
13 info lifecycle Finances@0.0.0~webpack-server: Failed to exec webpack-server script
14 verbose stack Error: Finances@0.0.0 webpack-server: `webpack-dev-server --hot --progress --colors`
14 verbose stack Exit status 1
14 verbose stack     at EventEmitter.<anonymous> (/usr/local/lib/node_modules/npm/lib/utils/lifecycle.js:239:16)
14 verbose stack     at emitTwo (events.js:87:13)
14 verbose stack     at EventEmitter.emit (events.js:172:7)
14 verbose stack     at ChildProcess.<anonymous> (/usr/local/lib/node_modules/npm/lib/utils/spawn.js:24:14)
14 verbose stack     at emitTwo (events.js:87:13)
14 verbose stack     at ChildProcess.emit (events.js:172:7)
14 verbose stack     at maybeClose (internal/child_process.js:821:16)
14 verbose stack     at Process.ChildProcess._handle.onexit (internal/child_process.js:211:5)
15 verbose pkgid Finances@0.0.0
16 verbose cwd /Users/richi1717/finance-app
17 error Darwin 15.3.0
18 error argv "/usr/local/bin/node" "/usr/local/bin/npm" "run" "webpack-server"
19 error node v4.3.1
20 error npm  v3.7.3
21 error code ELIFECYCLE
22 error Finances@0.0.0 webpack-server: `webpack-dev-server --hot --progress --colors`
22 error Exit status 1
23 error Failed at the Finances@0.0.0 webpack-server script 'webpack-dev-server --hot --progress --colors'.
23 error Make sure you have the latest version of node.js and npm installed.
23 error If you do, this is most likely a problem with the Finances package,
23 error not with npm itself.
23 error Tell the author that this fails on your system:
23 error     webpack-dev-server --hot --progress --colors
23 error You can get information on how to open an issue for this project with:
23 error     npm bugs Finances
23 error Or if that isn't available, you can get their info via:
23 error     npm owner ls Finances
23 error There is likely additional logging output above.
24 verbose exit [ 1, true ]
